TN:
SF:src\config\db.ts
FN:46,(anonymous_8)
FN:46,(anonymous_9)
FN:66,(anonymous_10)
FN:73,(anonymous_11)
FN:73,(anonymous_12)
FN:88,(anonymous_13)
FN:88,(anonymous_14)
FNF:7
FNH:0
FNDA:0,(anonymous_8)
FNDA:0,(anonymous_9)
FNDA:0,(anonymous_10)
FNDA:0,(anonymous_11)
FNDA:0,(anonymous_12)
FNDA:0,(anonymous_13)
FNDA:0,(anonymous_14)
DA:1,2
DA:2,2
DA:3,2
DA:4,2
DA:5,2
DA:6,2
DA:7,2
DA:8,2
DA:9,2
DA:10,2
DA:11,2
DA:12,2
DA:13,2
DA:14,2
DA:15,2
DA:16,2
DA:17,2
DA:18,2
DA:19,2
DA:21,2
DA:23,2
DA:37,2
DA:46,2
DA:47,0
DA:48,0
DA:49,0
DA:50,0
DA:51,0
DA:52,0
DA:53,0
DA:54,0
DA:55,0
DA:56,0
DA:57,0
DA:58,0
DA:60,0
DA:61,0
DA:62,0
DA:66,2
DA:67,0
DA:71,2
DA:73,0
DA:74,0
DA:75,0
DA:76,0
DA:77,0
DA:79,0
DA:86,2
DA:88,0
DA:89,0
DA:90,0
DA:91,0
DA:92,0
DA:94,0
DA:100,2
LF:55
LH:27
BRDA:42,0,0,2
BRDA:42,0,1,0
BRF:2
BRH:1
end_of_record
TN:
SF:src\config\emailConfig.ts
FN:16,(anonymous_8)
FN:25,(anonymous_9)
FN:25,(anonymous_10)
FNF:3
FNH:0
FNDA:0,(anonymous_8)
FNDA:0,(anonymous_9)
FNDA:0,(anonymous_10)
DA:1,2
DA:2,2
DA:4,2
DA:7,2
DA:16,2
DA:17,0
DA:18,0
DA:20,0
DA:25,2
DA:26,0
DA:27,0
DA:34,0
DA:35,0
DA:37,0
DA:38,0
DA:42,2
LF:16
LH:7
BRDA:17,0,0,0
BRDA:17,0,1,0
BRF:2
BRH:0
end_of_record
TN:
SF:src\controller\userController.ts
FN:9,(anonymous_8)
FN:17,(anonymous_9)
FN:17,(anonymous_10)
FN:26,(anonymous_11)
FN:26,(anonymous_12)
FN:41,(anonymous_13)
FN:41,(anonymous_14)
FN:81,(anonymous_15)
FN:81,(anonymous_16)
FNF:9
FNH:3
FNDA:2,(anonymous_8)
FNDA:0,(anonymous_9)
FNDA:0,(anonymous_10)
FNDA:3,(anonymous_11)
FNDA:3,(anonymous_12)
FNDA:0,(anonymous_13)
FNDA:0,(anonymous_14)
FNDA:0,(anonymous_15)
FNDA:0,(anonymous_16)
DA:2,1
DA:4,1
DA:9,1
DA:10,2
DA:17,1
DA:18,0
DA:19,0
DA:20,0
DA:22,0
DA:26,3
DA:27,3
DA:28,3
DA:29,3
DA:30,2
DA:31,1
DA:32,1
DA:34,1
DA:36,1
DA:41,1
DA:42,0
DA:43,0
DA:44,0
DA:47,0
DA:48,0
DA:49,0
DA:50,0
DA:54,0
DA:56,0
DA:57,0
DA:58,0
DA:61,0
DA:62,0
DA:63,0
DA:64,0
DA:68,0
DA:69,0
DA:70,0
DA:73,0
DA:74,0
DA:77,0
DA:81,1
DA:82,0
DA:83,0
DA:84,0
DA:85,0
DA:86,0
DA:87,0
DA:91,0
DA:98,0
DA:100,0
LF:50
LH:16
BRDA:30,0,0,1
BRDA:48,1,0,0
BRDA:54,2,0,0
BRDA:54,2,1,0
BRDA:56,3,0,0
BRDA:62,4,0,0
BRDA:85,5,0,0
BRF:7
BRH:1
end_of_record
TN:
SF:src\data\createAssignmentsTable.ts
FN:4,(anonymous_8)
FN:4,(anonymous_9)
FNF:2
FNH:0
FNDA:0,(anonymous_8)
FNDA:0,(anonymous_9)
DA:1,2
DA:4,2
DA:5,0
DA:23,0
DA:24,0
DA:25,0
DA:27,0
DA:31,2
LF:8
LH:3
BRF:0
BRH:0
end_of_record
TN:
SF:src\data\createCommentsTable.ts
FN:4,(anonymous_8)
FN:4,(anonymous_9)
FNF:2
FNH:0
FNDA:0,(anonymous_8)
FNDA:0,(anonymous_9)
DA:1,2
DA:4,2
DA:5,0
DA:24,0
DA:25,0
DA:26,0
DA:28,0
DA:32,2
LF:8
LH:3
BRF:0
BRH:0
end_of_record
TN:
SF:src\data\createFilesTable.ts
FN:4,(anonymous_8)
FN:4,(anonymous_9)
FNF:2
FNH:0
FNDA:0,(anonymous_8)
FNDA:0,(anonymous_9)
DA:1,2
DA:4,2
DA:5,0
DA:26,0
DA:27,0
DA:28,0
DA:30,0
DA:34,2
LF:8
LH:3
BRF:0
BRH:0
end_of_record
TN:
SF:src\data\createLabelTable.ts
FN:4,(anonymous_8)
FN:4,(anonymous_9)
FNF:2
FNH:0
FNDA:0,(anonymous_8)
FNDA:0,(anonymous_9)
DA:1,2
DA:4,2
DA:5,0
DA:21,0
DA:22,0
DA:23,0
DA:25,0
DA:29,2
LF:8
LH:3
BRF:0
BRH:0
end_of_record
TN:
SF:src\data\createMilestoneTable.ts
FN:4,(anonymous_8)
FN:4,(anonymous_9)
FNF:2
FNH:0
FNDA:0,(anonymous_8)
FNDA:0,(anonymous_9)
DA:1,2
DA:4,2
DA:5,0
DA:28,0
DA:29,0
DA:30,0
DA:32,0
DA:36,2
LF:8
LH:3
BRF:0
BRH:0
end_of_record
TN:
SF:src\data\createProjectMembersTable.ts
FN:3,(anonymous_8)
FN:3,(anonymous_9)
FNF:2
FNH:0
FNDA:0,(anonymous_8)
FNDA:0,(anonymous_9)
DA:1,2
DA:3,2
DA:4,0
DA:22,0
DA:23,0
DA:24,0
DA:26,0
DA:30,2
LF:8
LH:3
BRF:0
BRH:0
end_of_record
TN:
SF:src\data\createProjectPendingInvitationsTable.ts
FN:3,(anonymous_8)
FN:3,(anonymous_9)
FNF:2
FNH:0
FNDA:0,(anonymous_8)
FNDA:0,(anonymous_9)
DA:1,2
DA:3,2
DA:4,0
DA:23,0
DA:24,0
DA:25,0
DA:27,0
DA:31,2
LF:8
LH:3
BRF:0
BRH:0
end_of_record
TN:
SF:src\data\createProjectTable.ts
FN:4,(anonymous_8)
FN:4,(anonymous_9)
FNF:2
FNH:0
FNDA:0,(anonymous_8)
FNDA:0,(anonymous_9)
DA:1,2
DA:4,2
DA:5,0
DA:30,0
DA:31,0
DA:32,0
DA:34,0
DA:38,2
LF:8
LH:3
BRF:0
BRH:0
end_of_record
TN:
SF:src\data\createSubtaskTable.ts
FN:4,(anonymous_8)
FN:4,(anonymous_9)
FNF:2
FNH:0
FNDA:0,(anonymous_8)
FNDA:0,(anonymous_9)
DA:1,2
DA:4,2
DA:5,0
DA:18,0
DA:19,0
DA:20,0
DA:22,0
DA:26,2
LF:8
LH:3
BRF:0
BRH:0
end_of_record
TN:
SF:src\data\createTaskLabelTable.ts
FN:4,(anonymous_8)
FN:4,(anonymous_9)
FNF:2
FNH:0
FNDA:0,(anonymous_8)
FNDA:0,(anonymous_9)
DA:1,2
DA:4,2
DA:5,0
DA:20,0
DA:21,0
DA:22,0
DA:24,0
DA:28,2
LF:8
LH:3
BRF:0
BRH:0
end_of_record
TN:
SF:src\data\createTaskTable.ts
FN:4,(anonymous_8)
FN:4,(anonymous_9)
FNF:2
FNH:0
FNDA:0,(anonymous_8)
FNDA:0,(anonymous_9)
DA:1,2
DA:4,2
DA:5,0
DA:32,0
DA:33,0
DA:34,0
DA:36,0
DA:40,2
LF:8
LH:3
BRF:0
BRH:0
end_of_record
TN:
SF:src\data\createUserTable.ts
FN:4,(anonymous_8)
FN:4,(anonymous_9)
FNF:2
FNH:0
FNDA:0,(anonymous_8)
FNDA:0,(anonymous_9)
DA:1,2
DA:4,2
DA:5,0
DA:34,0
DA:35,0
DA:36,0
DA:38,0
DA:42,2
LF:8
LH:3
BRF:0
BRH:0
end_of_record
TN:
SF:src\data\log\createChangeLogsTable.ts
FN:4,(anonymous_8)
FN:4,(anonymous_9)
FNF:2
FNH:0
FNDA:0,(anonymous_8)
FNDA:0,(anonymous_9)
DA:1,2
DA:4,2
DA:5,0
DA:24,0
DA:25,0
DA:26,0
DA:28,0
DA:32,2
LF:8
LH:3
BRF:0
BRH:0
end_of_record
TN:
SF:src\data\log\triggerFunction.ts
FN:3,(anonymous_8)
FN:3,(anonymous_9)
FNF:2
FNH:0
FNDA:0,(anonymous_8)
FNDA:0,(anonymous_9)
DA:1,2
DA:3,2
DA:4,0
DA:34,0
DA:35,0
DA:36,0
DA:38,0
DA:39,0
LF:8
LH:2
BRF:0
BRH:0
end_of_record
TN:
SF:src\middlewares\audittriggersForTables.ts
FN:3,(anonymous_8)
FN:3,(anonymous_9)
FNF:2
FNH:0
FNDA:0,(anonymous_8)
FNDA:0,(anonymous_9)
DA:1,2
DA:3,2
DA:4,0
DA:17,0
DA:19,0
DA:20,0
DA:22,0
DA:23,0
DA:25,0
DA:31,0
DA:34,0
DA:36,0
DA:37,0
DA:38,0
DA:40,0
LF:15
LH:2
BRF:0
BRH:0
end_of_record
TN:
SF:src\middlewares\authenticate.ts
FN:16,(anonymous_8)
FN:29,(anonymous_9)
FN:29,(anonymous_10)
FN:43,(anonymous_11)
FN:43,(anonymous_12)
FNF:5
FNH:5
FNDA:1,(anonymous_8)
FNDA:1,(anonymous_9)
FNDA:1,(anonymous_10)
FNDA:8,(anonymous_11)
FNDA:8,(anonymous_12)
DA:2,1
DA:3,1
DA:4,1
DA:5,1
DA:6,1
DA:7,1
DA:16,1
DA:20,1
DA:21,1
DA:23,1
DA:24,0
DA:25,0
DA:29,1
DA:30,1
DA:31,0
DA:32,0
DA:34,0
DA:36,1
DA:37,1
DA:38,1
DA:43,8
DA:44,8
DA:45,8
DA:46,8
DA:47,1
DA:48,1
DA:52,1
DA:57,7
DA:58,7
DA:60,1
DA:67,7
DA:68,0
DA:69,0
DA:70,0
DA:74,6
DA:75,6
DA:76,1
DA:77,1
DA:81,5
DA:82,1
DA:83,1
DA:87,4
DA:88,2
DA:89,2
DA:93,2
DA:94,2
DA:95,1
DA:96,1
DA:100,1
DA:102,1
DA:108,1
DA:112,1
LF:52
LH:44
BRDA:21,0,0,1
BRDA:21,0,1,1
BRDA:23,1,0,0
BRDA:30,2,0,0
BRDA:31,3,0,0
BRDA:46,4,0,1
BRDA:67,5,0,0
BRDA:75,6,0,1
BRDA:81,7,0,1
BRDA:87,8,0,2
BRDA:94,9,0,1
BRF:11
BRH:7
end_of_record
TN:
SF:src\models\assignmentModel.ts
FN:8,(anonymous_8)
FN:8,(anonymous_9)
FN:24,(anonymous_10)
FN:24,(anonymous_11)
FN:29,(anonymous_12)
FN:29,(anonymous_13)
FN:46,(anonymous_14)
FN:46,(anonymous_15)
FN:51,(anonymous_16)
FN:51,(anonymous_17)
FNF:10
FNH:0
FNDA:0,(anonymous_8)
FNDA:0,(anonymous_9)
FNDA:0,(anonymous_10)
FNDA:0,(anonymous_11)
FNDA:0,(anonymous_12)
FNDA:0,(anonymous_13)
FNDA:0,(anonymous_14)
FNDA:0,(anonymous_15)
FNDA:0,(anonymous_16)
FNDA:0,(anonymous_17)
DA:1,2
DA:8,2
DA:9,0
DA:21,0
DA:24,2
DA:25,0
DA:26,0
DA:29,2
DA:30,0
DA:43,0
DA:46,2
DA:47,0
DA:48,0
DA:51,2
DA:52,0
DA:53,0
LF:16
LH:6
BRF:0
BRH:0
end_of_record
TN:
SF:src\models\labelModel.ts
FN:4,(anonymous_8)
FN:4,(anonymous_9)
FN:9,(anonymous_10)
FN:9,(anonymous_11)
FN:14,(anonymous_12)
FN:14,(anonymous_13)
FN:19,(anonymous_14)
FN:19,(anonymous_15)
FN:26,(anonymous_16)
FN:26,(anonymous_17)
FN:31,(anonymous_18)
FN:31,(anonymous_19)
FN:36,(anonymous_20)
FN:36,(anonymous_21)
FN:41,(anonymous_22)
FN:41,(anonymous_23)
FNF:16
FNH:0
FNDA:0,(anonymous_8)
FNDA:0,(anonymous_9)
FNDA:0,(anonymous_10)
FNDA:0,(anonymous_11)
FNDA:0,(anonymous_12)
FNDA:0,(anonymous_13)
FNDA:0,(anonymous_14)
FNDA:0,(anonymous_15)
FNDA:0,(anonymous_16)
FNDA:0,(anonymous_17)
FNDA:0,(anonymous_18)
FNDA:0,(anonymous_19)
FNDA:0,(anonymous_20)
FNDA:0,(anonymous_21)
FNDA:0,(anonymous_22)
FNDA:0,(anonymous_23)
DA:1,2
DA:4,2
DA:5,0
DA:6,0
DA:9,2
DA:10,0
DA:11,0
DA:14,2
DA:15,0
DA:16,0
DA:19,2
DA:20,0
DA:21,0
DA:26,2
DA:27,0
DA:28,0
DA:31,2
DA:32,0
DA:33,0
DA:36,2
DA:37,0
DA:38,0
DA:41,2
DA:42,0
DA:43,0
LF:25
LH:9
BRF:0
BRH:0
end_of_record
TN:
SF:src\models\milestonesModel.ts
FN:5,(anonymous_8)
FN:5,(anonymous_9)
FN:13,(anonymous_10)
FN:13,(anonymous_11)
FN:18,(anonymous_12)
FN:18,(anonymous_13)
FN:23,(anonymous_14)
FN:23,(anonymous_15)
FN:28,(anonymous_16)
FN:28,(anonymous_17)
FN:33,(anonymous_18)
FN:33,(anonymous_19)
FN:71,(anonymous_20)
FN:74,(anonymous_21)
FN:81,(anonymous_22)
FN:81,(anonymous_23)
FN:85,(anonymous_24)
FN:85,(anonymous_25)
FN:90,(anonymous_26)
FN:90,(anonymous_27)
FN:122,(anonymous_28)
FN:125,(anonymous_29)
FN:132,(anonymous_30)
FN:132,(anonymous_31)
FN:137,(anonymous_32)
FN:137,(anonymous_33)
FN:142,(anonymous_34)
FN:142,(anonymous_35)
FN:149,(anonymous_36)
FN:149,(anonymous_37)
FN:156,(anonymous_38)
FN:156,(anonymous_39)
FNF:32
FNH:0
FNDA:0,(anonymous_8)
FNDA:0,(anonymous_9)
FNDA:0,(anonymous_10)
FNDA:0,(anonymous_11)
FNDA:0,(anonymous_12)
FNDA:0,(anonymous_13)
FNDA:0,(anonymous_14)
FNDA:0,(anonymous_15)
FNDA:0,(anonymous_16)
FNDA:0,(anonymous_17)
FNDA:0,(anonymous_18)
FNDA:0,(anonymous_19)
FNDA:0,(anonymous_20)
FNDA:0,(anonymous_21)
FNDA:0,(anonymous_22)
FNDA:0,(anonymous_23)
FNDA:0,(anonymous_24)
FNDA:0,(anonymous_25)
FNDA:0,(anonymous_26)
FNDA:0,(anonymous_27)
FNDA:0,(anonymous_28)
FNDA:0,(anonymous_29)
FNDA:0,(anonymous_30)
FNDA:0,(anonymous_31)
FNDA:0,(anonymous_32)
FNDA:0,(anonymous_33)
FNDA:0,(anonymous_34)
FNDA:0,(anonymous_35)
FNDA:0,(anonymous_36)
FNDA:0,(anonymous_37)
FNDA:0,(anonymous_38)
FNDA:0,(anonymous_39)
DA:1,2
DA:2,2
DA:3,2
DA:5,2
DA:7,0
DA:8,0
DA:9,0
DA:10,0
DA:13,2
DA:14,0
DA:15,0
DA:18,2
DA:19,0
DA:20,0
DA:23,2
DA:24,0
DA:25,0
DA:28,2
DA:29,0
DA:30,0
DA:33,2
DA:34,0
DA:36,0
DA:37,0
DA:46,0
DA:48,0
DA:50,0
DA:64,0
DA:65,0
DA:67,0
DA:68,0
DA:71,0
DA:72,0
DA:74,0
DA:78,0
DA:81,2
DA:82,0
DA:83,0
DA:85,2
DA:86,0
DA:87,0
DA:90,2
DA:91,0
DA:93,0
DA:94,0
DA:103,0
DA:105,0
DA:107,0
DA:119,0
DA:120,0
DA:122,0
DA:123,0
DA:125,0
DA:129,0
DA:132,2
DA:133,0
DA:134,0
DA:137,2
DA:138,0
DA:139,0
DA:142,2
DA:143,0
DA:149,2
DA:150,0
DA:156,2
DA:157,0
DA:158,0
LF:67
LH:17
BRDA:36,0,0,0
BRDA:36,0,1,0
BRDA:93,1,0,0
BRDA:93,1,1,0
BRF:4
BRH:0
end_of_record
TN:
SF:src\models\projectMemberModel.ts
FN:3,(anonymous_8)
FN:3,(anonymous_9)
FN:7,(anonymous_10)
FN:7,(anonymous_11)
FN:11,(anonymous_12)
FN:11,(anonymous_13)
FN:16,(anonymous_14)
FN:16,(anonymous_15)
FN:21,(anonymous_16)
FN:21,(anonymous_17)
FN:26,(anonymous_18)
FN:26,(anonymous_19)
FN:31,(anonymous_20)
FN:31,(anonymous_21)
FN:37,(anonymous_22)
FN:37,(anonymous_23)
FN:49,(anonymous_24)
FN:49,(anonymous_25)
FN:53,(anonymous_26)
FN:53,(anonymous_27)
FN:57,(anonymous_28)
FN:57,(anonymous_29)
FN:61,(anonymous_30)
FN:61,(anonymous_31)
FNF:24
FNH:0
FNDA:0,(anonymous_8)
FNDA:0,(anonymous_9)
FNDA:0,(anonymous_10)
FNDA:0,(anonymous_11)
FNDA:0,(anonymous_12)
FNDA:0,(anonymous_13)
FNDA:0,(anonymous_14)
FNDA:0,(anonymous_15)
FNDA:0,(anonymous_16)
FNDA:0,(anonymous_17)
FNDA:0,(anonymous_18)
FNDA:0,(anonymous_19)
FNDA:0,(anonymous_20)
FNDA:0,(anonymous_21)
FNDA:0,(anonymous_22)
FNDA:0,(anonymous_23)
FNDA:0,(anonymous_24)
FNDA:0,(anonymous_25)
FNDA:0,(anonymous_26)
FNDA:0,(anonymous_27)
FNDA:0,(anonymous_28)
FNDA:0,(anonymous_29)
FNDA:0,(anonymous_30)
FNDA:0,(anonymous_31)
DA:1,2
DA:3,2
DA:4,0
DA:7,2
DA:8,0
DA:11,2
DA:12,0
DA:13,0
DA:16,2
DA:17,0
DA:18,0
DA:21,2
DA:22,0
DA:23,0
DA:26,2
DA:27,0
DA:28,0
DA:31,2
DA:32,0
DA:33,0
DA:37,2
DA:38,0
DA:46,0
DA:49,2
DA:50,0
DA:53,2
DA:54,0
DA:57,2
DA:58,0
DA:61,2
DA:62,0
LF:31
LH:13
BRF:0
BRH:0
end_of_record
TN:
SF:src\models\projectModel.ts
FN:5,(anonymous_8)
FN:5,(anonymous_9)
FN:10,(anonymous_10)
FN:10,(anonymous_11)
FN:15,(anonymous_12)
FN:15,(anonymous_13)
FN:21,(anonymous_14)
FN:21,(anonymous_15)
FN:27,(anonymous_16)
FN:27,(anonymous_17)
FN:32,(anonymous_18)
FN:32,(anonymous_19)
FN:37,(anonymous_20)
FN:37,(anonymous_21)
FN:41,(anonymous_22)
FN:41,(anonymous_23)
FN:62,(anonymous_24)
FN:62,(anonymous_25)
FN:66,(anonymous_26)
FN:66,(anonymous_27)
FN:71,(anonymous_28)
FN:71,(anonymous_29)
FNF:22
FNH:0
FNDA:0,(anonymous_8)
FNDA:0,(anonymous_9)
FNDA:0,(anonymous_10)
FNDA:0,(anonymous_11)
FNDA:0,(anonymous_12)
FNDA:0,(anonymous_13)
FNDA:0,(anonymous_14)
FNDA:0,(anonymous_15)
FNDA:0,(anonymous_16)
FNDA:0,(anonymous_17)
FNDA:0,(anonymous_18)
FNDA:0,(anonymous_19)
FNDA:0,(anonymous_20)
FNDA:0,(anonymous_21)
FNDA:0,(anonymous_22)
FNDA:0,(anonymous_23)
FNDA:0,(anonymous_24)
FNDA:0,(anonymous_25)
FNDA:0,(anonymous_26)
FNDA:0,(anonymous_27)
FNDA:0,(anonymous_28)
FNDA:0,(anonymous_29)
DA:1,2
DA:2,2
DA:3,2
DA:5,2
DA:6,0
DA:7,0
DA:10,2
DA:11,0
DA:12,0
DA:15,2
DA:16,0
DA:17,0
DA:21,2
DA:22,0
DA:23,0
DA:24,0
DA:27,2
DA:28,0
DA:29,0
DA:32,2
DA:33,0
DA:34,0
DA:37,2
DA:38,0
DA:41,2
DA:42,0
DA:43,0
DA:44,0
DA:45,0
DA:47,0
DA:48,0
DA:49,0
DA:50,0
DA:51,0
DA:54,0
DA:56,0
DA:62,2
DA:63,0
DA:66,2
DA:67,0
DA:68,0
DA:71,2
DA:72,0
DA:73,0
LF:44
LH:14
BRDA:48,0,0,0
BRDA:48,0,1,0
BRDA:48,1,0,0
BRDA:48,1,1,0
BRDA:50,2,0,0
BRDA:50,3,0,0
BRDA:50,3,1,0
BRDA:50,3,2,0
BRDA:50,3,3,0
BRDA:54,4,0,0
BRDA:54,4,1,0
BRF:11
BRH:0
end_of_record
TN:
SF:src\models\task.Model.ts
FN:5,(anonymous_8)
FN:5,(anonymous_9)
FN:12,(anonymous_10)
FN:12,(anonymous_11)
FN:17,(anonymous_12)
FN:17,(anonymous_13)
FN:55,(anonymous_14)
FN:58,(anonymous_15)
FN:65,(anonymous_16)
FN:65,(anonymous_17)
FN:103,(anonymous_18)
FN:106,(anonymous_19)
FN:113,(anonymous_20)
FN:113,(anonymous_21)
FN:134,(anonymous_22)
FN:137,(anonymous_23)
FN:144,(anonymous_24)
FN:144,(anonymous_25)
FN:150,(anonymous_26)
FN:150,(anonymous_27)
FN:155,(anonymous_28)
FN:155,(anonymous_29)
FN:160,(anonymous_30)
FN:160,(anonymous_31)
FN:165,(anonymous_32)
FN:165,(anonymous_33)
FN:170,(anonymous_34)
FN:170,(anonymous_35)
FN:175,(anonymous_36)
FN:175,(anonymous_37)
FN:180,(anonymous_38)
FN:180,(anonymous_39)
FN:185,(anonymous_40)
FN:185,(anonymous_41)
FN:190,(anonymous_42)
FN:190,(anonymous_43)
FN:195,(anonymous_44)
FN:195,(anonymous_45)
FN:200,(anonymous_46)
FN:200,(anonymous_47)
FN:204,(anonymous_48)
FN:204,(anonymous_49)
FNF:42
FNH:0
FNDA:0,(anonymous_8)
FNDA:0,(anonymous_9)
FNDA:0,(anonymous_10)
FNDA:0,(anonymous_11)
FNDA:0,(anonymous_12)
FNDA:0,(anonymous_13)
FNDA:0,(anonymous_14)
FNDA:0,(anonymous_15)
FNDA:0,(anonymous_16)
FNDA:0,(anonymous_17)
FNDA:0,(anonymous_18)
FNDA:0,(anonymous_19)
FNDA:0,(anonymous_20)
FNDA:0,(anonymous_21)
FNDA:0,(anonymous_22)
FNDA:0,(anonymous_23)
FNDA:0,(anonymous_24)
FNDA:0,(anonymous_25)
FNDA:0,(anonymous_26)
FNDA:0,(anonymous_27)
FNDA:0,(anonymous_28)
FNDA:0,(anonymous_29)
FNDA:0,(anonymous_30)
FNDA:0,(anonymous_31)
FNDA:0,(anonymous_32)
FNDA:0,(anonymous_33)
FNDA:0,(anonymous_34)
FNDA:0,(anonymous_35)
FNDA:0,(anonymous_36)
FNDA:0,(anonymous_37)
FNDA:0,(anonymous_38)
FNDA:0,(anonymous_39)
FNDA:0,(anonymous_40)
FNDA:0,(anonymous_41)
FNDA:0,(anonymous_42)
FNDA:0,(anonymous_43)
FNDA:0,(anonymous_44)
FNDA:0,(anonymous_45)
FNDA:0,(anonymous_46)
FNDA:0,(anonymous_47)
FNDA:0,(anonymous_48)
FNDA:0,(anonymous_49)
DA:1,2
DA:2,2
DA:3,2
DA:5,2
DA:6,0
DA:7,0
DA:8,0
DA:9,0
DA:12,2
DA:13,0
DA:14,0
DA:17,2
DA:18,0
DA:20,0
DA:21,0
DA:30,0
DA:32,0
DA:34,0
DA:48,0
DA:49,0
DA:51,0
DA:52,0
DA:55,0
DA:56,0
DA:58,0
DA:62,0
DA:65,2
DA:66,0
DA:68,0
DA:69,0
DA:78,0
DA:80,0
DA:82,0
DA:96,0
DA:97,0
DA:99,0
DA:100,0
DA:103,0
DA:104,0
DA:106,0
DA:110,0
DA:113,2
DA:114,0
DA:116,0
DA:127,0
DA:128,0
DA:130,0
DA:131,0
DA:134,0
DA:135,0
DA:137,0
DA:141,0
DA:144,2
DA:145,0
DA:146,0
DA:150,2
DA:151,0
DA:152,0
DA:155,2
DA:156,0
DA:157,0
DA:160,2
DA:161,0
DA:162,0
DA:165,2
DA:166,0
DA:167,0
DA:170,2
DA:171,0
DA:172,0
DA:175,2
DA:176,0
DA:177,0
DA:180,2
DA:181,0
DA:182,0
DA:185,2
DA:186,0
DA:187,0
DA:190,2
DA:191,0
DA:192,0
DA:195,2
DA:196,0
DA:197,0
DA:200,2
DA:201,0
DA:204,2
DA:205,0
DA:206,0
LF:90
LH:21
BRDA:14,0,0,0
BRDA:14,0,1,0
BRDA:14,1,0,0
BRDA:14,1,1,0
BRDA:20,2,0,0
BRDA:20,2,1,0
BRDA:68,3,0,0
BRDA:68,3,1,0
BRDA:172,4,0,0
BRDA:172,4,1,0
BRDA:172,5,0,0
BRDA:172,5,1,0
BRF:12
BRH:0
end_of_record
TN:
SF:src\models\userModel.ts
FN:3,(anonymous_8)
FN:3,(anonymous_9)
FN:8,(anonymous_10)
FN:8,(anonymous_11)
FN:13,(anonymous_12)
FN:13,(anonymous_13)
FN:18,(anonymous_14)
FN:18,(anonymous_15)
FN:32,(anonymous_16)
FN:32,(anonymous_17)
FN:37,(anonymous_18)
FN:37,(anonymous_19)
FNF:12
FNH:0
FNDA:0,(anonymous_8)
FNDA:0,(anonymous_9)
FNDA:0,(anonymous_10)
FNDA:0,(anonymous_11)
FNDA:0,(anonymous_12)
FNDA:0,(anonymous_13)
FNDA:0,(anonymous_14)
FNDA:0,(anonymous_15)
FNDA:0,(anonymous_16)
FNDA:0,(anonymous_17)
FNDA:0,(anonymous_18)
FNDA:0,(anonymous_19)
DA:1,2
DA:3,2
DA:4,0
DA:5,0
DA:8,2
DA:9,0
DA:10,0
DA:13,2
DA:14,0
DA:15,0
DA:18,2
DA:19,0
DA:20,0
DA:21,0
DA:22,0
DA:23,0
DA:24,0
DA:25,0
DA:26,0
DA:28,0
DA:29,0
DA:32,2
DA:33,0
DA:34,0
DA:37,2
DA:38,0
DA:39,0
LF:27
LH:7
BRDA:22,0,0,0
BRF:1
BRH:0
end_of_record
TN:
SF:src\services\emailService.ts
FN:5,(anonymous_7)
FN:51,(anonymous_8)
FN:97,(anonymous_9)
FN:162,(anonymous_10)
FN:210,(anonymous_11)
FN:262,(anonymous_12)
FN:336,(anonymous_13)
FN:347,(anonymous_14)
FN:458,(anonymous_15)
FN:547,(anonymous_16)
FN:635,(anonymous_17)
FN:710,(anonymous_18)
FN:804,(anonymous_19)
FN:857,(anonymous_20)
FN:909,(anonymous_21)
FN:961,(anonymous_22)
FN:1029,(anonymous_23)
FN:1030,(anonymous_24)
FN:1034,(anonymous_25)
FN:1034,(anonymous_26)
FN:1042,(anonymous_27)
FN:1042,(anonymous_28)
FN:1050,(anonymous_29)
FN:1050,(anonymous_30)
FN:1058,(anonymous_31)
FN:1058,(anonymous_32)
FN:1066,(anonymous_33)
FN:1066,(anonymous_34)
FN:1072,(anonymous_35)
FN:1073,(anonymous_36)
FN:1088,(anonymous_37)
FN:1099,(anonymous_38)
FN:1116,(anonymous_39)
FN:1126,(anonymous_40)
FN:1142,(anonymous_41)
FN:1143,(anonymous_42)
FN:1158,(anonymous_43)
FN:1159,(anonymous_44)
FN:1174,(anonymous_45)
FN:1175,(anonymous_46)
FN:1194,(anonymous_47)
FN:1194,(anonymous_48)
FN:1200,(anonymous_49)
FN:1200,(anonymous_50)
FN:1206,(anonymous_51)
FN:1206,(anonymous_52)
FN:1212,(anonymous_53)
FN:1212,(anonymous_54)
FNF:48
FNH:0
FNDA:0,(anonymous_7)
FNDA:0,(anonymous_8)
FNDA:0,(anonymous_9)
FNDA:0,(anonymous_10)
FNDA:0,(anonymous_11)
FNDA:0,(anonymous_12)
FNDA:0,(anonymous_13)
FNDA:0,(anonymous_14)
FNDA:0,(anonymous_15)
FNDA:0,(anonymous_16)
FNDA:0,(anonymous_17)
FNDA:0,(anonymous_18)
FNDA:0,(anonymous_19)
FNDA:0,(anonymous_20)
FNDA:0,(anonymous_21)
FNDA:0,(anonymous_22)
FNDA:0,(anonymous_23)
FNDA:0,(anonymous_24)
FNDA:0,(anonymous_25)
FNDA:0,(anonymous_26)
FNDA:0,(anonymous_27)
FNDA:0,(anonymous_28)
FNDA:0,(anonymous_29)
FNDA:0,(anonymous_30)
FNDA:0,(anonymous_31)
FNDA:0,(anonymous_32)
FNDA:0,(anonymous_33)
FNDA:0,(anonymous_34)
FNDA:0,(anonymous_35)
FNDA:0,(anonymous_36)
FNDA:0,(anonymous_37)
FNDA:0,(anonymous_38)
FNDA:0,(anonymous_39)
FNDA:0,(anonymous_40)
FNDA:0,(anonymous_41)
FNDA:0,(anonymous_42)
FNDA:0,(anonymous_43)
FNDA:0,(anonymous_44)
FNDA:0,(anonymous_45)
FNDA:0,(anonymous_46)
FNDA:0,(anonymous_47)
FNDA:0,(anonymous_48)
FNDA:0,(anonymous_49)
FNDA:0,(anonymous_50)
FNDA:0,(anonymous_51)
FNDA:0,(anonymous_52)
FNDA:0,(anonymous_53)
FNDA:0,(anonymous_54)
DA:1,2
DA:2,2
DA:5,2
DA:51,2
DA:97,2
DA:162,2
DA:210,2
DA:262,2
DA:269,0
DA:336,2
DA:347,0
DA:348,0
DA:351,0
DA:352,0
DA:354,0
DA:357,0
DA:358,0
DA:359,0
DA:361,0
DA:362,0
DA:367,0
DA:371,0
DA:374,0
DA:458,2
DA:466,0
DA:547,2
DA:554,0
DA:635,2
DA:641,0
DA:710,2
DA:719,0
DA:804,2
DA:857,2
DA:909,2
DA:961,2
DA:1029,2
DA:1030,0
DA:1034,2
DA:1035,0
DA:1036,0
DA:1037,0
DA:1039,0
DA:1042,2
DA:1043,0
DA:1044,0
DA:1045,0
DA:1047,0
DA:1050,2
DA:1051,0
DA:1052,0
DA:1053,0
DA:1055,0
DA:1058,2
DA:1059,0
DA:1060,0
DA:1061,0
DA:1063,0
DA:1066,2
DA:1067,0
DA:1068,0
DA:1069,0
DA:1072,2
DA:1073,0
DA:1074,0
DA:1075,0
DA:1076,0
DA:1085,0
DA:1088,2
DA:1099,0
DA:1100,0
DA:1101,0
DA:1102,0
DA:1113,0
DA:1116,2
DA:1126,0
DA:1127,0
DA:1128,0
DA:1129,0
DA:1139,0
DA:1142,2
DA:1143,0
DA:1144,0
DA:1145,0
DA:1146,0
DA:1155,0
DA:1158,2
DA:1159,0
DA:1160,0
DA:1161,0
DA:1162,0
DA:1163,0
DA:1171,0
DA:1174,2
DA:1175,0
DA:1176,0
DA:1177,0
DA:1178,0
DA:1179,0
DA:1190,0
DA:1194,2
DA:1195,0
DA:1196,0
DA:1197,0
DA:1200,2
DA:1201,0
DA:1202,0
DA:1203,0
DA:1206,2
DA:1207,0
DA:1208,0
DA:1209,0
DA:1212,2
DA:1213,0
DA:1214,0
DA:1215,0
DA:1216,0
LF:116
LH:33
BRDA:348,0,0,0
BRDA:358,1,0,0
BRDA:358,1,1,0
BRDA:359,2,0,0
BRDA:359,2,1,0
BRDA:361,3,0,0
BRDA:361,3,1,0
BRDA:371,4,0,0
BRDA:371,4,1,0
BRDA:596,5,0,0
BRDA:596,5,1,0
BRDA:644,6,0,0
BRDA:644,6,1,0
BRDA:646,7,0,0
BRDA:646,7,1,0
BRDA:653,8,0,0
BRDA:653,8,1,0
BRDA:674,9,0,0
BRDA:674,9,1,0
BRDA:675,10,0,0
BRDA:675,10,1,0
BRDA:685,11,0,0
BRDA:685,11,1,0
BRDA:722,12,0,0
BRDA:722,12,1,0
BRDA:724,13,0,0
BRDA:724,13,1,0
BRDA:731,14,0,0
BRDA:731,14,1,0
BRDA:738,15,0,0
BRDA:738,15,1,0
BRDA:743,16,0,0
BRDA:743,16,1,0
BRDA:743,17,0,0
BRDA:743,17,1,0
BRDA:768,18,0,0
BRDA:768,18,1,0
BRDA:769,19,0,0
BRDA:769,19,1,0
BRDA:779,20,0,0
BRDA:779,20,1,0
BRDA:1162,21,0,0
BRDA:1162,21,1,0
BRDA:1178,22,0,0
BRDA:1178,22,1,0
BRF:45
BRH:0
end_of_record
TN:
SF:src\services\taskReminder.ts
FN:10,(anonymous_7)
FN:10,(anonymous_8)
FN:49,(anonymous_9)
FN:49,(anonymous_10)
FNF:4
FNH:0
FNDA:0,(anonymous_7)
FNDA:0,(anonymous_8)
FNDA:0,(anonymous_9)
FNDA:0,(anonymous_10)
DA:2,2
DA:3,2
DA:4,2
DA:5,2
DA:6,2
DA:7,2
DA:8,2
DA:10,2
DA:11,0
DA:13,0
DA:15,0
DA:16,0
DA:18,0
DA:20,0
DA:21,0
DA:22,0
DA:24,0
DA:25,0
DA:26,0
DA:27,0
DA:29,0
DA:31,0
DA:32,0
DA:45,0
DA:49,2
DA:50,0
DA:51,0
DA:53,0
DA:54,0
DA:56,0
DA:57,0
DA:59,0
DA:61,0
DA:62,0
DA:64,0
DA:67,0
DA:68,0
DA:69,0
DA:72,0
DA:76,0
DA:77,0
DA:78,0
DA:79,0
DA:94,0
LF:44
LH:9
BRDA:16,0,0,0
BRDA:16,1,0,0
BRDA:16,1,1,0
BRDA:18,2,0,0
BRDA:24,3,0,0
BRDA:24,4,0,0
BRDA:24,4,1,0
BRDA:29,5,0,0
BRDA:54,6,0,0
BRDA:59,7,0,0
BRDA:64,8,0,0
BRDA:72,9,0,0
BRDA:72,9,1,0
BRDA:76,10,0,0
BRDA:76,11,0,0
BRDA:76,11,1,0
BRF:16
BRH:0
end_of_record
TN:
SF:src\utils\token-utils.ts
FN:6,(anonymous_1)
FN:10,(anonymous_2)
FNF:2
FNH:0
FNDA:0,(anonymous_1)
FNDA:0,(anonymous_2)
DA:1,1
DA:2,1
DA:4,1
DA:6,1
DA:7,0
DA:10,1
DA:11,0
LF:7
LH:5
BRF:0
BRH:0
end_of_record
